{"level":"info","message":"asd, 828192790, , К приветствию 2024-03-18T18:57:10.810Z;"}
{"level":"info","message":", 828192790, Авторизация, Авторизация 2024-03-18T18:57:14.114Z;"}
{"level":"info","message":"abe98124-3eec-4466-8eb3-6f80572aba78, 828192790, , Авторизация 2024-03-18T18:58:27.863Z;"}
{"level":"info","message":"abe98124-3eec-4466-8eb3-6f80572aba78, 828192790, , К приветствию 2024-03-18T18:59:43.837Z;"}
{"level":"info","message":"abe98124-3eec-4466-8eb3-6f80572aba78, 828192790, , К приветствию 2024-03-18T18:59:49.201Z;"}
{"level":"info","message":", 828192790, Авторизация, Авторизация 2024-03-18T18:59:52.768Z;"}
{"level":"info","message":"abe98124-3eec-4466-8eb3-6f80572aba78, 828192790, , Авторизация 2024-03-18T18:59:54.502Z;"}
{"level":"info","message":"2, 828192790, , К приветствию 2024-03-18T19:02:40.632Z;"}
{"level":"info","message":", 828192790, Авторизация, Авторизация 2024-03-18T19:02:41.858Z;"}
{"level":"info","message":"abe98124-3eec-4466-8eb3-6f80572aba78, 828192790, , Авторизация 2024-03-18T19:02:56.413Z;"}
{"level":"info","message":", 828192790, Информация, Информация 2024-03-18T19:03:42.695Z;"}
{"level":"info","message":", 828192790, Меню, Меню 2024-03-18T19:03:44.119Z;"}
{"level":"info","message":"123, 828192790, , К приветствию 2024-03-18T19:04:52.666Z;"}
{"level":"info","message":"abe98124-3eec-4466-8eb3-6f80572aba78, 828192790, , К приветствию 2024-03-18T19:05:02.789Z;"}
{"level":"info","message":", 828192790, Авторизация, Авторизация 2024-03-18T19:05:04.400Z;"}
{"level":"info","message":"abe98124-3eec-4466-8eb3-6f80572aba78, 828192790, , Авторизация 2024-03-18T19:05:06.288Z;"}
{"level":"info","message":"sd, 828192790, , К приветствию 2024-03-18T19:06:08.216Z;"}
{"level":"info","message":", 828192790, Авторизация, Авторизация 2024-03-18T19:06:09.257Z;"}
{"level":"info","message":"abe98124-3eec-4466-8eb3-6f80572aba78, 828192790, , Авторизация 2024-03-18T19:06:10.984Z;"}
{"level":"info","message":"sad, 828192790, , К приветствию 2024-03-18T19:07:09.799Z;"}
{"level":"info","message":", 828192790, Авторизация, Авторизация 2024-03-18T19:07:11.330Z;"}
{"level":"info","message":"abe98124-3eec-4466-8eb3-6f80572aba78, 828192790, , Авторизация 2024-03-18T19:07:12.645Z;"}
{"level":"info","message":"asd, 828192790, , К приветствию 2024-03-18T19:08:51.055Z;"}
{"level":"info","message":", 828192790, Авторизация, Авторизация 2024-03-18T19:08:51.812Z;"}
{"level":"info","message":"abe98124-3eec-4466-8eb3-6f80572aba78, 828192790, , Авторизация 2024-03-18T19:08:53.493Z;"}
{"level":"info","message":"123, 828192790, , Авторизация 2024-03-18T19:10:22.540Z;"}
{"level":"info","message":"123, 828192790, , К приветствию 2024-03-18T19:10:32.482Z;"}
{"level":"info","message":", 828192790, Авторизация, Авторизация 2024-03-18T19:10:33.879Z;"}
{"level":"info","message":"abe98124-3eec-4466-8eb3-6f80572aba78, 828192790, , Авторизация 2024-03-18T19:10:35.609Z;"}
{"level":"info","message":"123, 828192790, , К приветствию 2024-03-18T19:11:37.135Z;"}
{"level":"info","message":"123, 828192790, , К приветствию 2024-03-18T19:11:54.234Z;"}
{"level":"info","message":", 828192790, Авторизация, Авторизация 2024-03-18T19:11:55.538Z;"}
{"level":"info","message":"abe98124-3eec-4466-8eb3-6f80572aba78, 828192790, , Авторизация 2024-03-18T19:11:56.457Z;"}
{"level":"info","message":"123, 828192790, , К приветствию 2024-03-18T19:19:19.195Z;"}
{"level":"info","message":", 828192790, Авторизация, Авторизация 2024-03-18T19:19:20.177Z;"}
{"level":"info","message":"abe98124-3eec-4466-8eb3-6f80572aba78, 828192790, , Авторизация 2024-03-18T19:19:31.617Z;"}
{"level":"info","message":", 828192790, Информация, Информация 2024-03-18T19:21:11.434Z;"}
{"level":"info","message":", 828192790, Авторизация, Авторизация 2024-03-18T19:21:12.831Z;"}
{"level":"info","message":"abe98124-3eec-4466-8eb3-6f80572aba78, 828192790, , Авторизация 2024-03-18T19:21:17.223Z;"}
{"level":"info","message":"123, 828192790, , К приветствию 2024-03-18T19:27:01.681Z;"}
{"level":"info","message":", 828192790, Авторизация, Авторизация 2024-03-18T19:27:02.754Z;"}
{"level":"info","message":"asd., 828192790, , К приветствию 2024-03-18T20:27:57.143Z;"}
{"level":"info","message":"123, 828192790, , К приветствию 2024-03-18T20:28:01.701Z;"}
{"level":"info","message":", 828192790, Авторизация, Авторизация 2024-03-18T20:28:02.879Z;"}
{"level":"info","message":"abe98124-3eec-4466-8eb3-6f80572aba78, 828192790, , Авторизация 2024-03-18T20:28:19.183Z;"}
{"level":"info","message":", 828192790, Информация, Информация 2024-03-18T20:30:20.353Z;"}
{"level":"info","message":"123, 828192790, , К приветствию 2024-03-18T20:52:24.812Z;"}
{"level":"info","message":", 828192790, Авторизация, Авторизация 2024-03-18T20:52:26.042Z;"}
{"level":"info","message":"3, 828192790, , К приветствию 2024-03-18T20:53:33.343Z;"}
{"level":"info","message":", 828192790, Авторизация, Авторизация 2024-03-18T20:53:34.383Z;"}
{"level":"info","message":"abe98124-3eec-4466-8eb3-6f80572aba78, 828192790, , Авторизация 2024-03-18T20:53:44.218Z;"}
{"level":"error","message":"abe98124-3eec-4466-8eb3-6f80572aba78, 828192790, dude, update 2024-03-18T20:53:44.236Z;"}
{"level":"info","message":"54, 828192790, , Авторизация 2024-03-18T20:53:57.905Z;"}
{"level":"info","message":"abe98124-3eec-4466-8eb3-6f80572aba78, 828192790, , Авторизация 2024-03-18T20:54:01.671Z;"}
{"level":"error","message":"abe98124-3eec-4466-8eb3-6f80572aba78, 828192790, dude, update 2024-03-18T20:54:01.683Z;"}
{"level":"info","message":"abe98124-3eec-4466-8eb3-6f80572aba78, 828192790, , К приветствию 2024-03-18T20:54:22.831Z;"}
{"level":"info","message":", 828192790, Авторизация, Авторизация 2024-03-18T20:54:24.247Z;"}
{"level":"info","message":"abe98124-3eec-4466-8eb3-6f80572aba78, 828192790, , Авторизация 2024-03-18T20:54:26.049Z;"}
{"level":"error","message":"abe98124-3eec-4466-8eb3-6f80572aba78, 828192790, dude, update 2024-03-18T20:54:26.079Z;"}
{"level":"info","message":"abe98124-3eec-4466-8eb3-6f80572aba78, 828192790, , Авторизация 2024-03-18T20:55:07.115Z;"}
{"level":"error","message":"abe98124-3eec-4466-8eb3-6f80572aba78, 828192790, dude, update 2024-03-18T20:55:07.127Z;"}
{"level":"info","message":"s, 828192790, , К приветствию 2024-03-18T21:00:11.473Z;"}
{"level":"info","message":", 828192790, Авторизация, Авторизация 2024-03-18T21:00:12.703Z;"}
{"level":"info","message":"abe98124-3eec-4466-8eb3-6f80572aba78, 828192790, , Авторизация 2024-03-18T21:00:13.723Z;"}
{"level":"error","message":"abe98124-3eec-4466-8eb3-6f80572aba78, 828192790, dude, update 2024-03-18T21:00:13.746Z;"}
{"level":"info","message":"abe98124-3eec-4466-8eb3-6f80572aba78, 828192790, , Авторизация 2024-03-18T21:00:17.535Z;"}
{"level":"error","message":"abe98124-3eec-4466-8eb3-6f80572aba78, 828192790, dude, update 2024-03-18T21:00:17.543Z;"}
{"level":"info","message":"s, 828192790, , К приветствию 2024-03-18T21:02:19.107Z;"}
{"level":"info","message":"abe98124-3eec-4466-8eb3-6f80572aba78, 828192790, , К приветствию 2024-03-18T21:02:24.798Z;"}
{"level":"info","message":"abe98124-3eec-4466-8eb3-6f80572aba78, 828192790, , К приветствию 2024-03-18T21:02:51.756Z;"}
{"level":"info","message":", 828192790, Авторизация, Авторизация 2024-03-18T21:02:52.649Z;"}
{"level":"info","message":"abe98124-3eec-4466-8eb3-6f80572aba78, 828192790, , Авторизация 2024-03-18T21:02:54.495Z;"}
{"level":"error","message":"abe98124-3eec-4466-8eb3-6f80572aba78, 828192790, dude, update 2024-03-18T21:02:54.524Z;"}
{"level":"info","message":"12, 828192790, , Авторизация 2024-03-18T21:05:33.873Z;"}
{"level":"info","message":"abe98124-3eec-4466-8eb3-6f80572aba78, 828192790, , Авторизация 2024-03-18T21:05:36.207Z;"}
{"level":"error","message":"abe98124-3eec-4466-8eb3-6f80572aba78, 828192790, dude, update 2024-03-18T21:05:36.216Z;"}
{"level":"info","message":"4, 828192790, , К приветствию 2024-03-18T21:06:44.834Z;"}
{"level":"info","message":", 828192790, Авторизация, Авторизация 2024-03-18T21:06:46.115Z;"}
{"level":"info","message":"abe98124-3eec-4466-8eb3-6f80572aba78, 828192790, , Авторизация 2024-03-18T21:06:47.201Z;"}
{"level":"error","message":"abe98124-3eec-4466-8eb3-6f80572aba78, 828192790, dude, update 2024-03-18T21:06:47.217Z;"}
{"level":"info","message":"2, 828192790, , К приветствию 2024-03-18T21:08:16.987Z;"}
{"level":"info","message":", 828192790, Авторизация, Авторизация 2024-03-18T21:08:20.352Z;"}
{"level":"info","message":"abe98124-3eec-4466-8eb3-6f80572aba78, 828192790, , Авторизация 2024-03-18T21:08:21.609Z;"}
{"level":"error","message":"abe98124-3eec-4466-8eb3-6f80572aba78, 828192790, dude, update 2024-03-18T21:08:21.623Z;"}
{"level":"info","message":"dsd, 828192790, , К приветствию 2024-03-18T21:09:42.277Z;"}
{"level":"info","message":", 828192790, Авторизация, Авторизация 2024-03-18T21:09:45.587Z;"}
{"level":"info","message":"abe98124-3eec-4466-8eb3-6f80572aba78, 828192790, , Авторизация 2024-03-18T21:09:46.668Z;"}
{"level":"error","message":"abe98124-3eec-4466-8eb3-6f80572aba78, 828192790, dude, update 2024-03-18T21:09:46.685Z;"}
{"level":"info","message":"sd., 828192790, , К приветствию 2024-03-18T21:10:39.105Z;"}
{"level":"info","message":", 828192790, Авторизация, Авторизация 2024-03-18T21:10:40.317Z;"}
{"level":"info","message":"abe98124-3eec-4466-8eb3-6f80572aba78, 828192790, , Авторизация 2024-03-18T21:10:43.914Z;"}
{"level":"info","message":"фыв, 828192790, , К приветствию 2024-03-18T21:13:20.442Z;"}
{"level":"info","message":", 828192790, Авторизация, Авторизация 2024-03-18T21:13:27.778Z;"}
{"level":"info","message":"abe98124-3eec-4466-8eb3-6f80572aba78, 828192790, , Авторизация 2024-03-18T21:13:32.071Z;"}
{"level":"error","message":"abe98124-3eec-4466-8eb3-6f80572aba78, 828192790, dude, update 2024-03-18T21:13:32.112Z;"}
{"level":"info","message":"ы, 828192790, , К приветствию 2024-03-18T21:13:57.134Z;"}
{"level":"info","message":"abe98124-3eec-4466-8eb3-6f80572aba78, 828192790, , К приветствию 2024-03-18T21:13:59.586Z;"}
{"level":"info","message":", 828192790, Авторизация, Авторизация 2024-03-18T21:14:01.086Z;"}
{"level":"info","message":"abe98124-3eec-4466-8eb3-6f80572aba78, 828192790, , Авторизация 2024-03-18T21:14:02.115Z;"}
{"level":"info","message":"asd, 828192790, , К приветствию 2024-03-18T21:23:30.974Z;"}
{"level":"info","message":", 828192790, Авторизация, Авторизация 2024-03-18T21:23:32.567Z;"}
{"level":"info","message":"abe98124-3eec-4466-8eb3-6f80572aba78, 828192790, , Авторизация 2024-03-18T21:23:38.397Z;"}
{"level":"info","message":"abe98124-3eec-4466-8eb3-6f80572aba78s, 828192790, , К приветствию 2024-03-18T21:27:20.911Z;"}
{"level":"info","message":", 828192790, Авторизация, Авторизация 2024-03-18T21:27:22.652Z;"}
{"level":"info","message":"abe98124-3eec-4466-8eb3-6f80572aba78, 828192790, , Авторизация 2024-03-18T21:27:23.532Z;"}
{"level":"info","message":"sad, 828192790, , К приветствию 2024-03-18T21:28:13.803Z;"}
{"level":"info","message":", 828192790, Авторизация, Авторизация 2024-03-18T21:28:14.983Z;"}
{"level":"info","message":"abe98124-3eec-4466-8eb3-6f80572aba78, 828192790, , Авторизация 2024-03-18T21:28:15.873Z;"}
{"level":"info","message":"asd, 828192790, , К приветствию 2024-03-18T21:28:57.668Z;"}
{"level":"info","message":", 828192790, Авторизация, Авторизация 2024-03-18T21:28:58.668Z;"}
{"level":"info","message":"abe98124-3eec-4466-8eb3-6f80572aba78, 828192790, , Авторизация 2024-03-18T21:28:59.610Z;"}
{"level":"info","message":", 828192790, Информация, Информация 2024-03-18T21:31:31.161Z;"}
{"level":"info","message":"5, 828192790, , Авторизация 2024-03-18T21:32:05.544Z;"}
{"level":"info","message":", 828192790, Авторизация, Авторизация 2024-03-18T21:32:10.140Z;"}
{"level":"info","message":", 828192790, Авторизация, Авторизация 2024-03-18T21:32:36.485Z;"}
{"level":"info","message":"454, 828192790, , К приветствию 2024-03-19T13:55:15.670Z;"}
{"level":"info","message":"123123, 828192790, , К приветствию 2024-03-19T13:55:47.857Z;"}
{"level":"info","message":"5454, 828192790, , К приветствию 2024-03-19T13:57:07.809Z;"}
{"level":"info","message":"123, 828192790, , К приветствию 2024-03-19T14:04:23.160Z;"}
{"level":"info","message":"45, 828192790, , К приветствию 2024-03-19T14:05:08.435Z;"}
{"level":"info","message":"4, 828192790, , К приветствию 2024-03-19T14:05:18.364Z;"}
{"level":"info","message":", 828192790, Регистрация, Регистрация 2024-03-19T14:05:21.200Z;"}
{"level":"info","message":", 828192790, Авторизация, Авторизация 2024-03-19T14:05:22.703Z;"}
{"level":"info","message":", 828192790, Авторизация, Авторизация 2024-03-19T14:05:23.959Z;"}
{"level":"info","message":", 828192790, Авторизация, Авторизация 2024-03-19T14:08:33.854Z;"}
{"level":"info","message":", 828192790, Информация, Информация 2024-03-19T14:08:39.563Z;"}
{"level":"info","message":", 828192790, Меню, Меню 2024-03-19T14:08:41.625Z;"}
{"level":"info","message":", 828192790, Мой статус, Мой статус 2024-03-19T14:08:43.197Z;"}
{"level":"info","message":", 828192790, Меню, Меню 2024-03-19T14:08:45.504Z;"}
{"level":"info","message":", 828192790, Акции, Акции 2024-03-19T14:08:46.722Z;"}
{"level":"info","message":", 828192790, Меню, Меню 2024-03-19T14:08:48.675Z;"}
{"level":"info","message":", 828192790, Помощь, Помощь 2024-03-19T14:08:49.847Z;"}
{"level":"info","message":", 828192790, Вопросы, Вопросы 2024-03-19T14:08:54.458Z;"}
{"level":"info","message":", 828192790, Вопросы, Вопросы 2024-03-19T14:08:57.210Z;"}
{"level":"info","message":"78, 828192790, , Вопросы 2024-03-19T14:09:03.007Z;"}
{"level":"info","message":", 828192790, Сообщить о проблеме, Сообщить о проблеме 2024-03-19T14:09:13.903Z;"}
{"level":"info","message":"545, 828192790, , Сообщить о проблеме 2024-03-19T14:09:17.971Z;"}
{"level":"info","message":", 828192790, Меню, Меню 2024-03-19T14:09:19.714Z;"}
{"level":"info","message":"5, 828192790, , 📱 Меню 2024-03-19T14:13:00.331Z;"}
{"level":"info","message":"5, 828192790, , 📱 Меню 2024-03-19T14:24:59.703Z;"}
{"level":"info","message":", 828192790, Информация, Информация 2024-03-19T14:25:23.138Z;"}
{"level":"info","message":", 828192790, Меню, Меню 2024-03-19T14:25:26.825Z;"}
{"level":"info","message":"55, 828192790, , 📱 Меню 2024-03-19T18:51:07.075Z;"}
{"level":"info","message":", 828192790, Информация, Информация 2024-03-19T18:51:09.069Z;"}
{"level":"info","message":", 828192790, Меню, Меню 2024-03-19T18:51:10.514Z;"}
{"level":"info","message":", 828192790, Мой статус, Мой статус 2024-03-19T18:51:11.973Z;"}
{"level":"info","message":", 828192790, Меню, Меню 2024-03-19T18:51:14.767Z;"}
{"level":"info","message":"/info, 828192790, , Меню 2024-03-19T18:51:18.591Z;"}
{"level":"info","message":", 828192790, Информация, Информация 2024-03-19T18:57:06.248Z;"}
{"level":"info","message":", 828192790, Меню, Меню 2024-03-19T19:04:42.257Z;"}
{"level":"info","message":", 828192790, Акции, Акции 2024-03-19T19:04:44.285Z;"}
{"level":"info","message":", 828192790, Меню, Меню 2024-03-19T19:04:45.924Z;"}
{"level":"info","message":"as, 828192790, , 📱 Меню 2024-03-19T19:12:30.008Z;"}
